<?xml version="1.0" encoding="UTF-8"?>
<testsuite name="DifferenceOfSquaresCalculatorTest" tests="9" skipped="0" failures="0" errors="0" timestamp="2017-09-24T18:32:49" hostname="pegasus" time="0.013">
  <properties/>
  <testcase name="testDifferenceOfSquares1" classname="DifferenceOfSquaresCalculatorTest" time="0.007"/>
  <testcase name="testDifferenceOfSquares5" classname="DifferenceOfSquaresCalculatorTest" time="0.001"/>
  <testcase name="testSumOfSquares100" classname="DifferenceOfSquaresCalculatorTest" time="0.0"/>
  <testcase name="testSumOfSquares1" classname="DifferenceOfSquaresCalculatorTest" time="0.0"/>
  <testcase name="testSumOfSquares5" classname="DifferenceOfSquaresCalculatorTest" time="0.0"/>
  <testcase name="testSquareOfSum1" classname="DifferenceOfSquaresCalculatorTest" time="0.0"/>
  <testcase name="testSquareOfSum5" classname="DifferenceOfSquaresCalculatorTest" time="0.0"/>
  <testcase name="testDifferenceOfSquares100" classname="DifferenceOfSquaresCalculatorTest" time="0.001"/>
  <testcase name="testSquareOfSum100" classname="DifferenceOfSquaresCalculatorTest" time="0.0"/>
  <system-out><![CDATA[]]></system-out>
  <system-err><![CDATA[]]></system-err>
</testsuite>
