<?xml version="1.0" encoding="UTF-8"?>
<testsuite name="KindergartenGardenTest" tests="13" skipped="0" failures="0" errors="0" timestamp="2017-10-01T09:17:25" hostname="pegasus" time="0.015">
  <properties/>
  <testcase name="singleStudent2" classname="KindergartenGardenTest" time="0.004"/>
  <testcase name="fullGardenFirstStudent" classname="KindergartenGardenTest" time="0.0"/>
  <testcase name="twoStudents" classname="KindergartenGardenTest" time="0.001"/>
  <testcase name="fullGardenSecondToLastStudent" classname="KindergartenGardenTest" time="0.0"/>
  <testcase name="customStudentGardenFourthStudentInAlphabeticalOrder" classname="KindergartenGardenTest" time="0.0"/>
  <testcase name="customStudentGardenSecondStudentInAlphabeticalOrder" classname="KindergartenGardenTest" time="0.0"/>
  <testcase name="singleStudent" classname="KindergartenGardenTest" time="0.0"/>
  <testcase name="oneGardenThirdStudent" classname="KindergartenGardenTest" time="0.0"/>
  <testcase name="fullGardenSecondStudent" classname="KindergartenGardenTest" time="0.0"/>
  <testcase name="customStudentGardenFirstStudentInAlphabeticalOrder" classname="KindergartenGardenTest" time="0.0"/>
  <testcase name="oneGardenSecondStudent" classname="KindergartenGardenTest" time="0.0"/>
  <testcase name="customStudentGardenThirdStudentInAlphabeticalOrder" classname="KindergartenGardenTest" time="0.0"/>
  <testcase name="fullGardenLastStudent" classname="KindergartenGardenTest" time="0.0"/>
  <system-out><![CDATA[]]></system-out>
  <system-err><![CDATA[]]></system-err>
</testsuite>
