<?xml version="1.0" encoding="UTF-8"?>
<testsuite name="TwelveDaysTest" tests="14" skipped="0" failures="0" errors="0" timestamp="2017-10-01T07:06:24" hostname="pegasus" time="0.015">
  <properties/>
  <testcase name="testVerseEight" classname="TwelveDaysTest" time="0.002"/>
  <testcase name="testVerseSeven" classname="TwelveDaysTest" time="0.0"/>
  <testcase name="testVerseThree" classname="TwelveDaysTest" time="0.0"/>
  <testcase name="testVerseOne" classname="TwelveDaysTest" time="0.0"/>
  <testcase name="testVerseSix" classname="TwelveDaysTest" time="0.0"/>
  <testcase name="testVerseTen" classname="TwelveDaysTest" time="0.001"/>
  <testcase name="testVerseTwo" classname="TwelveDaysTest" time="0.0"/>
  <testcase name="testVerseFive" classname="TwelveDaysTest" time="0.001"/>
  <testcase name="testVerseFour" classname="TwelveDaysTest" time="0.001"/>
  <testcase name="testVerseNine" classname="TwelveDaysTest" time="0.0"/>
  <testcase name="testVerseEleven" classname="TwelveDaysTest" time="0.0"/>
  <testcase name="testMultipleVerses" classname="TwelveDaysTest" time="0.0"/>
  <testcase name="testVerseTwelve" classname="TwelveDaysTest" time="0.0"/>
  <testcase name="testSingWholeSong" classname="TwelveDaysTest" time="0.0"/>
  <system-out><![CDATA[]]></system-out>
  <system-err><![CDATA[]]></system-err>
</testsuite>
